[15Jan2025 00:00:21.950] [Server thread/INFO] [net.minecraft.server.MinecraftServer/]: Markitos_17 has made the advancement [Ashes 'n Bones]
[15Jan2025 00:01:06.605] [Server thread/INFO] [net.minecraft.server.MinecraftServer/]: [Sergio-Ft: Set own game mode to Spectator Mode]
[15Jan2025 00:01:25.177] [Server thread/INFO] [net.minecraft.server.MinecraftServer/]: [Sergio-Ft: Summoned new Zombie]
[15Jan2025 00:01:33.055] [Server thread/INFO] [net.minecraft.server.MinecraftServer/]: [Sergio-Ft: Summoned new Zombie]
[15Jan2025 00:01:35.510] [Server thread/INFO] [net.minecraft.server.MinecraftServer/]: [Sergio-Ft: Summoned new Zombie]
[15Jan2025 00:01:48.046] [Server thread/INFO] [net.minecraft.server.MinecraftServer/]: %1$s was slain by %2$s
[15Jan2025 00:01:48.055] [Server thread/INFO] [tombstone/]: The player Markitos_17 has successfully been saved
[15Jan2025 00:01:48.813] [Server thread/INFO] [net.minecraft.server.MinecraftServer/]: [Sergio-Ft: Set own game mode to Survival Mode]
[15Jan2025 00:02:04.978] [Server thread/INFO] [net.minecraft.server.MinecraftServer/]: [Sergio-Ft: Summoned new Zombie]
[15Jan2025 00:02:05.632] [Server thread/INFO] [net.minecraft.server.MinecraftServer/]: [Sergio-Ft: Summoned new Zombie]
[15Jan2025 00:02:06.253] [Server thread/INFO] [net.minecraft.server.MinecraftServer/]: [Sergio-Ft: Summoned new Zombie]
[15Jan2025 00:02:06.834] [Server thread/INFO] [net.minecraft.server.MinecraftServer/]: [Sergio-Ft: Summoned new Zombie]
[15Jan2025 00:02:07.530] [Server thread/INFO] [net.minecraft.server.MinecraftServer/]: [Sergio-Ft: Summoned new Zombie]
[15Jan2025 00:02:08.099] [Server thread/INFO] [net.minecraft.server.MinecraftServer/]: [Sergio-Ft: Summoned new Zombie]
[15Jan2025 00:02:08.850] [Server thread/INFO] [net.minecraft.server.MinecraftServer/]: [Sergio-Ft: Summoned new Zombie]
[15Jan2025 00:02:09.481] [Server thread/INFO] [net.minecraft.server.MinecraftServer/]: [Sergio-Ft: Summoned new Zombie]
[15Jan2025 00:02:10.086] [Server thread/INFO] [net.minecraft.server.MinecraftServer/]: [Sergio-Ft: Summoned new Zombie]
[15Jan2025 00:02:10.682] [Server thread/INFO] [net.minecraft.server.MinecraftServer/]: [Sergio-Ft: Summoned new Zombie]
[15Jan2025 00:02:11.338] [Server thread/INFO] [net.minecraft.server.MinecraftServer/]: [Sergio-Ft: Summoned new Zombie]
[15Jan2025 00:02:12.090] [Server thread/INFO] [net.minecraft.server.MinecraftServer/]: [Sergio-Ft: Summoned new Zombie]
[15Jan2025 00:02:12.832] [Server thread/INFO] [net.minecraft.server.MinecraftServer/]: [Sergio-Ft: Summoned new Zombie]
[15Jan2025 00:02:13.545] [Server thread/INFO] [net.minecraft.server.MinecraftServer/]: [Sergio-Ft: Summoned new Zombie]
[15Jan2025 00:02:17.561] [Server thread/INFO] [net.minecraft.server.MinecraftServer/]: [Sergio-Ft: Summoned new Zombie]
[15Jan2025 00:02:18.360] [Server thread/INFO] [net.minecraft.server.MinecraftServer/]: [Sergio-Ft: Summoned new Zombie]
[15Jan2025 00:02:19.160] [Server thread/INFO] [net.minecraft.server.MinecraftServer/]: [Sergio-Ft: Summoned new Zombie]
[15Jan2025 00:02:20.280] [Server thread/INFO] [net.minecraft.server.MinecraftServer/]: [Sergio-Ft: Summoned new Zombie]
[15Jan2025 00:02:20.449] [Server thread/INFO] [net.minecraft.server.MinecraftServer/]: [Sergio-Ft: Summoned new Zombie]
[15Jan2025 00:02:22.130] [Server thread/INFO] [net.minecraft.server.MinecraftServer/]: [Sergio-Ft: Summoned new Zombie]
[15Jan2025 00:02:22.963] [Server thread/INFO] [net.minecraft.server.MinecraftServer/]: [Sergio-Ft: Summoned new Zombie]
[15Jan2025 00:02:24.807] [Server thread/INFO] [net.minecraft.server.MinecraftServer/]: [Sergio-Ft: Summoned new Zombie]
[15Jan2025 00:02:25.483] [Server thread/INFO] [net.minecraft.server.MinecraftServer/]: [Sergio-Ft: Summoned new Zombie]
[15Jan2025 00:02:25.936] [Server thread/INFO] [net.minecraft.server.MinecraftServer/]: [Sergio-Ft: Summoned new Zombie]
[15Jan2025 00:02:26.978] [Server thread/INFO] [net.minecraft.server.MinecraftServer/]: [Sergio-Ft: Summoned new Zombie]
[15Jan2025 00:02:27.752] [Server thread/INFO] [net.minecraft.server.MinecraftServer/]: [Sergio-Ft: Summoned new Zombie]
[15Jan2025 00:02:28.488] [Server thread/INFO] [net.minecraft.server.MinecraftServer/]: [Sergio-Ft: Summoned new Zombie]
[15Jan2025 00:03:01.708] [Server thread/INFO] [net.minecraft.server.MinecraftServer/]: [Sergio-Ft: Teleported Markitos_17 to Sergio-Ft]
[15Jan2025 00:05:47.236] [Server thread/INFO] [net.minecraft.server.MinecraftServer/]: [Sergio-Ft: Set own game mode to Spectator Mode]
[15Jan2025 00:05:58.193] [Server thread/INFO] [net.minecraft.server.MinecraftServer/]: [Sergio-Ft: Set own game mode to Survival Mode]
[15Jan2025 00:07:16.077] [Server thread/INFO] [net.minecraft.server.MinecraftServer/]: [Sergio-Ft: Gave 1 [Iron Pickaxe] to Sergio-Ft]
[15Jan2025 00:07:31.783] [Server thread/INFO] [net.minecraft.server.MinecraftServer/]: [Sergio-Ft: Set own game mode to Spectator Mode]
[15Jan2025 00:07:41.126] [Server thread/INFO] [net.minecraft.server.MinecraftServer/]: [Sergio-Ft: Set own game mode to Survival Mode]
[15Jan2025 00:10:15.488] [Server thread/INFO] [net.minecraft.server.MinecraftServer/]: [Sergio-Ft: Set own game mode to Spectator Mode]
[15Jan2025 00:10:30.824] [Worker-Main-1/ERROR] [net.minecraft.Util/]: Detected setBlock in a far chunk [39, -1], pos: BlockPos{x=624, y=-33, z=-3}, status: minecraft:features, currently generating: ResourceKey[minecraft:worldgen/placed_feature / deep_dark_regrowth:ancient_fossil]
[15Jan2025 00:10:30.827] [Worker-Main-1/ERROR] [net.minecraft.Util/]: Detected setBlock in a far chunk [39, -1], pos: BlockPos{x=624, y=-33, z=-4}, status: minecraft:features, currently generating: ResourceKey[minecraft:worldgen/placed_feature / deep_dark_regrowth:ancient_fossil]
[15Jan2025 00:10:30.828] [Worker-Main-1/ERROR] [net.minecraft.Util/]: Detected setBlock in a far chunk [39, -1], pos: BlockPos{x=624, y=-33, z=-5}, status: minecraft:features, currently generating: ResourceKey[minecraft:worldgen/placed_feature / deep_dark_regrowth:ancient_fossil]
[15Jan2025 00:10:30.833] [Worker-Main-1/ERROR] [net.minecraft.Util/]: Detected setBlock in a far chunk [39, -1], pos: BlockPos{x=624, y=-30, z=-1}, status: minecraft:features, currently generating: ResourceKey[minecraft:worldgen/placed_feature / deep_dark_regrowth:ancient_fossil]
[15Jan2025 00:10:34.149] [Server thread/INFO] [net.minecraft.server.MinecraftServer/]: [Sergio-Ft: Set own game mode to Survival Mode]
[15Jan2025 00:10:57.639] [Server thread/INFO] [net.minecraft.server.MinecraftServer/]: [Sergio-Ft: Set own game mode to Spectator Mode]
[15Jan2025 00:11:04.104] [Server thread/INFO] [net.minecraft.server.MinecraftServer/]: [Sergio-Ft: Set own game mode to Survival Mode]
[15Jan2025 00:11:18.996] [Worker-Main-1/WARN] [com.finndog.mvs.MVSCommon/]: Moog's Voyager Structures: Empty or nonexistent pool: mvs:farm/side_pool which is being called from mvs:other_decoration/wheat_grain_bin
[15Jan2025 00:12:20.835] [Server thread/INFO] [net.minecraft.server.MinecraftServer/]: [Sergio-Ft: Set own game mode to Spectator Mode]
[15Jan2025 00:12:25.178] [Server thread/INFO] [net.minecraft.server.MinecraftServer/]: [Sergio-Ft: Set own game mode to Survival Mode]
[15Jan2025 00:12:40.633] [Server thread/INFO] [net.minecraft.server.MinecraftServer/]: Sergio-Ft has made the advancement [Where Is The Stone Pen?]
[15Jan2025 00:13:53.330] [Server thread/INFO] [net.minecraft.server.MinecraftServer/]: [Sergio-Ft: Set own game mode to Spectator Mode]
[15Jan2025 00:13:56.527] [Server thread/INFO] [net.minecraft.server.MinecraftServer/]: [Sergio-Ft: Set own game mode to Survival Mode]
[15Jan2025 00:14:12.081] [Server thread/INFO] [net.minecraft.server.MinecraftServer/]: [Sergio-Ft: Set own game mode to Spectator Mode]
[15Jan2025 00:14:36.679] [Server thread/WARN] [net.minecraft.server.network.ServerGamePacketListenerImpl/]: Sergio-Ft moved too quickly! -5.32777959015408,6.600000262260437,5.829423380650564
[15Jan2025 00:14:55.828] [Server thread/WARN] [net.minecraft.server.network.ServerGamePacketListenerImpl/]: Sergio-Ft moved too quickly! -9.35294822100866,-3.3750001341104507,-1.1879514064283256
[15Jan2025 00:15:07.927] [Server thread/INFO] [net.minecraft.server.MinecraftServer/]: Sergio-Ft has made the advancement [The Forgotten Story]
[15Jan2025 00:15:13.002] [Server thread/WARN] [net.minecraft.server.network.ServerGamePacketListenerImpl/]: Sergio-Ft moved too quickly! 1.5063224867348879,6.750000267607405,-7.267550000768747
[15Jan2025 00:15:41.279] [Server thread/WARN] [net.minecraft.server.network.ServerGamePacketListenerImpl/]: Sergio-Ft moved too quickly! 0.0,-10.125000402331352,0.0
[15Jan2025 00:15:43.128] [Server thread/WARN] [net.minecraft.server.network.ServerGamePacketListenerImpl/]: Sergio-Ft moved too quickly! 0.0,-10.312500617038765,0.0
[15Jan2025 00:15:47.954] [Server thread/WARN] [net.minecraft.server.network.ServerGamePacketListenerImpl/]: Sergio-Ft moved too quickly! 2.1187366956139613,-9.489600377082823,2.6832715298777856
[15Jan2025 00:15:53.247] [Server thread/WARN] [net.minecraft.server.network.ServerGamePacketListenerImpl/]: Sergio-Ft moved too quickly! -10.09482658612123,3.750000149011612,0.9920045994506381
[15Jan2025 00:16:38.084] [Server thread/WARN] [net.minecraft.server.network.ServerGamePacketListenerImpl/]: Sergio-Ft moved too quickly! 1.9947527912809448,0.0,10.398913633194041
[15Jan2025 00:16:41.150] [Server thread/WARN] [net.minecraft.server.network.ServerGamePacketListenerImpl/]: Sergio-Ft moved too quickly! 0.875351055018541,-0.931797820011127,10.667165765691209
[15Jan2025 00:16:46.291] [Server thread/WARN] [net.minecraft.server.network.ServerGamePacketListenerImpl/]: Sergio-Ft moved too quickly! 7.252571663809363,-3.3750001341104507,-6.3227064281710454
[15Jan2025 00:17:03.655] [Server thread/INFO] [net.minecraft.server.MinecraftServer/]: [Sergio-Ft: Set own game mode to Survival Mode]
[15Jan2025 00:17:08.801] [Server thread/INFO] [net.minecraft.server.MinecraftServer/]: [Sergio-Ft: Set own game mode to Creative Mode]
[15Jan2025 00:17:08.803] [Server thread/WARN] [net.minecraft.server.level.ServerPlayerGameMode/]: Mismatch in destroy block pos: BlockPos{x=460, y=24, z=247} BlockPos{x=460, y=23, z=247}
[15Jan2025 00:20:06.682] [Server thread/INFO] [net.minecraft.server.MinecraftServer/]: [Sergio-Ft: Gave 1 [Command Block] to Sergio-Ft]
[15Jan2025 00:21:36.902] [Server thread/INFO] [net.minecraft.server.MinecraftServer/]: [Sergio-Ft: Set own game mode to Spectator Mode]
[15Jan2025 00:21:39.823] [Server thread/INFO] [net.minecraft.server.MinecraftServer/]: [Sergio-Ft: Set own game mode to Creative Mode]
[15Jan2025 00:21:44.156] [Server thread/INFO] [net.minecraft.server.MinecraftServer/]: [Sergio-Ft: Set own game mode to Spectator Mode]
[15Jan2025 00:21:55.098] [Server thread/INFO] [net.minecraft.server.MinecraftServer/]: [Sergio-Ft: Set own game mode to Creative Mode]
[15Jan2025 00:21:57.812] [Server thread/INFO] [net.minecraft.server.MinecraftServer/]: [Sergio-Ft: Set own game mode to Survival Mode]
[15Jan2025 00:22:00.696] [Server thread/INFO] [net.minecraft.server.MinecraftServer/]: [Sergio-Ft: Set own game mode to Spectator Mode]
[15Jan2025 00:22:04.252] [Server thread/INFO] [net.minecraft.server.MinecraftServer/]: [Sergio-Ft: Set own game mode to Survival Mode]
[15Jan2025 00:22:18.161] [Server thread/INFO] [net.minecraft.server.MinecraftServer/]: [Sergio-Ft: Summoned new Zombie]
[15Jan2025 00:22:18.889] [Server thread/INFO] [net.minecraft.server.MinecraftServer/]: [Sergio-Ft: Summoned new Zombie]
[15Jan2025 00:22:19.545] [Server thread/INFO] [net.minecraft.server.MinecraftServer/]: [Sergio-Ft: Summoned new Zombie]
[15Jan2025 00:22:20.193] [Server thread/INFO] [net.minecraft.server.MinecraftServer/]: [Sergio-Ft: Summoned new Zombie]
[15Jan2025 00:22:20.752] [Server thread/INFO] [net.minecraft.server.MinecraftServer/]: [Sergio-Ft: Summoned new Zombie]
[15Jan2025 00:22:21.485] [Server thread/INFO] [net.minecraft.server.MinecraftServer/]: [Sergio-Ft: Summoned new Zombie]
[15Jan2025 00:22:22.103] [Worker-Main-1/WARN] [com.finndog.mvs.MVSCommon/]: Moog's Voyager Structures: Empty or nonexistent pool: mvs:farm/side_pool which is being called from mvs:other_decoration/wheat_grain_bin
[15Jan2025 00:22:22.738] [Server thread/INFO] [net.minecraft.server.MinecraftServer/]: [Sergio-Ft: Summoned new Zombie]
[15Jan2025 00:22:23.892] [Server thread/INFO] [net.minecraft.server.MinecraftServer/]: [Sergio-Ft: Summoned new Zombie]
[15Jan2025 00:22:24.519] [Server thread/INFO] [net.minecraft.server.MinecraftServer/]: [Sergio-Ft: Summoned new Zombie]
[15Jan2025 00:22:25.054] [Server thread/INFO] [net.minecraft.server.MinecraftServer/]: [Sergio-Ft: Summoned new Zombie]
[15Jan2025 00:22:25.697] [Server thread/INFO] [net.minecraft.server.MinecraftServer/]: [Sergio-Ft: Summoned new Zombie]
[15Jan2025 00:22:26.748] [Server thread/INFO] [net.minecraft.server.MinecraftServer/]: [Sergio-Ft: Summoned new Zombie]
[15Jan2025 00:22:27.384] [Server thread/INFO] [net.minecraft.server.MinecraftServer/]: [Sergio-Ft: Summoned new Zombie]
[15Jan2025 00:22:28.299] [Server thread/INFO] [net.minecraft.server.MinecraftServer/]: [Sergio-Ft: Summoned new Zombie]
[15Jan2025 00:22:32.464] [Worker-Main-1/ERROR] [net.minecraft.Util/]: Detected setBlock in a far chunk [52, 5], pos: BlockPos{x=847, y=-56, z=80}, status: minecraft:features, currently generating: ResourceKey[minecraft:worldgen/placed_feature / deep_dark_regrowth:ancient_fossil]
[15Jan2025 00:22:32.464] [Worker-Main-1/ERROR] [net.minecraft.Util/]: Detected setBlock in a far chunk [52, 5], pos: BlockPos{x=847, y=-56, z=81}, status: minecraft:features, currently generating: ResourceKey[minecraft:worldgen/placed_feature / deep_dark_regrowth:ancient_fossil]
[15Jan2025 00:22:32.465] [Worker-Main-1/ERROR] [net.minecraft.Util/]: Detected setBlock in a far chunk [52, 5], pos: BlockPos{x=847, y=-56, z=82}, status: minecraft:features, currently generating: ResourceKey[minecraft:worldgen/placed_feature / deep_dark_regrowth:ancient_fossil]
[15Jan2025 00:22:32.465] [Worker-Main-1/ERROR] [net.minecraft.Util/]: Detected setBlock in a far chunk [52, 4], pos: BlockPos{x=847, y=-53, z=78}, status: minecraft:features, currently generating: ResourceKey[minecraft:worldgen/placed_feature / deep_dark_regrowth:ancient_fossil]
[15Jan2025 00:22:48.424] [Server thread/WARN] [net.minecraft.server.network.ServerGamePacketListenerImpl/]: Markitos_17 moved too quickly! 7.177527988009615,-4.464159374955443,-5.4405315149860485
[15Jan2025 00:22:48.448] [Server thread/WARN] [net.minecraft.server.MinecraftServer/]: Can't keep up! Is the server overloaded? Running 7786ms or 155 ticks behind
[15Jan2025 00:23:41.701] [Server thread/INFO] [net.minecraft.server.network.ServerGamePacketListenerImpl/]: Sergio-Ft lost connection: Disconnected
[15Jan2025 00:23:41.701] [Server thread/INFO] [net.minecraft.server.MinecraftServer/]: Sergio-Ft left the game
[15Jan2025 00:23:41.704] [Server thread/INFO] [voicechat/]: [voicechat] Disconnecting client Sergio-Ft
[15Jan2025 00:23:48.154] [Server thread/INFO] [net.minecraft.server.players.PlayerList/]: Sergio-Ft[/127.34.83.0:58035] logged in with entity id 7846 at (215.74673881170455, 159.0, 48.95548609832374)
[15Jan2025 00:23:48.191] [Server thread/INFO] [net.minecraft.server.MinecraftServer/]: Sergio-Ft joined the game
[15Jan2025 00:23:48.846] [Server thread/INFO] [voicechat/]: [voicechat] Received secret request of Sergio-Ft (18)
[15Jan2025 00:23:48.847] [Server thread/INFO] [voicechat/]: [voicechat] Sent secret to Sergio-Ft
[15Jan2025 00:25:50.404] [Worker-Main-1/WARN] [net.minecraft.world.entity.EntityType/]: Skipping Entity with id 
[15Jan2025 00:25:50.405] [Worker-Main-1/WARN] [net.minecraft.world.entity.EntityType/]: Skipping Entity with id 
[15Jan2025 00:26:30.470] [Server thread/INFO] [net.minecraft.server.MinecraftServer/]: [Sergio-Ft: Teleported Sergio-Ft to Markitos_17]
[15Jan2025 00:27:43.628] [Server thread/INFO] [net.minecraft.server.MinecraftServer/]: Markitos_17 burned to death
[15Jan2025 00:27:43.639] [Server thread/INFO] [tombstone/]: The player Markitos_17 has successfully been saved
[15Jan2025 00:28:08.481] [Server thread/INFO] [net.minecraft.server.MinecraftServer/]: [Sergio-Ft: Teleported Markitos_17 to Sergio-Ft]
[15Jan2025 00:28:46.731] [Server thread/INFO] [net.minecraft.server.MinecraftServer/]: [Sergio-Ft: Gave 64 [Torch] to Sergio-Ft]
[15Jan2025 00:29:51.888] [Server thread/WARN] [net.minecraft.server.level.ServerPlayerGameMode/]: Mismatch in destroy block pos: BlockPos{x=907, y=154, z=-139} BlockPos{x=908, y=152, z=-139}
[15Jan2025 00:30:28.325] [Server thread/INFO] [net.minecraft.server.MinecraftServer/]: %1$s was shot by %2$s
[15Jan2025 00:30:28.352] [Server thread/INFO] [tombstone/]: The player Markitos_17 has successfully been saved
[15Jan2025 00:30:28.531] [Server thread/INFO] [net.minecraft.server.MinecraftServer/]: [Sergio-Ft: Teleported Markitos_17 to Sergio-Ft]
[15Jan2025 00:30:53.889] [Server thread/INFO] [net.minecraft.server.MinecraftServer/]: [Sergio-Ft: Gave 64 [Arrow] to Sergio-Ft]
[15Jan2025 00:31:08.179] [Server thread/INFO] [net.minecraft.server.MinecraftServer/]: Sergio-Ft has made the advancement [Take Aim]
[15Jan2025 00:32:09.805] [Server thread/INFO] [net.minecraft.server.MinecraftServer/]: [Sergio-Ft: Set own game mode to Creative Mode]
[15Jan2025 00:32:29.603] [Server thread/INFO] [net.minecraft.server.MinecraftServer/]: Sergio-Ft has completed the challenge [Thine end is here.]
[15Jan2025 00:32:29.638] [Server thread/INFO] [net.minecraft.server.MinecraftServer/]: Sergio-Ft has made the advancement [First big catch of the month!]
[15Jan2025 00:33:08.656] [Server thread/INFO] [net.minecraft.server.MinecraftServer/]: Sergio-Ft has made the advancement [Diamonds!]
[15Jan2025 00:33:29.717] [Server thread/INFO] [net.minecraft.server.MinecraftServer/]: [Sergio-Ft: Set own game mode to Survival Mode]
[15Jan2025 00:33:49.231] [Server thread/INFO] [net.minecraft.server.network.ServerGamePacketListenerImpl/]: Sergio-Ft lost connection: Disconnected
[15Jan2025 00:33:49.232] [Server thread/INFO] [net.minecraft.server.MinecraftServer/]: Sergio-Ft left the game
[15Jan2025 00:33:49.232] [Server thread/INFO] [voicechat/]: [voicechat] Disconnecting client Sergio-Ft
[15Jan2025 00:33:49.324] [Server thread/WARN] [net.minecraft.network.Connection/]: handleDisconnection() called twice
[15Jan2025 00:34:39.294] [Server thread/INFO] [net.minecraft.server.players.PlayerList/]: Sergio-Ft[/127.34.83.0:40521] logged in with entity id 10850 at (895.1960991458648, 153.0, -147.43717660811342)
[15Jan2025 00:34:39.343] [Server thread/INFO] [net.minecraft.server.MinecraftServer/]: Sergio-Ft joined the game
[15Jan2025 00:34:39.563] [Server thread/INFO] [voicechat/]: [voicechat] Received secret request of Sergio-Ft (18)
[15Jan2025 00:34:39.564] [Server thread/INFO] [voicechat/]: [voicechat] Sent secret to Sergio-Ft
[15Jan2025 00:35:11.748] [Server thread/INFO] [net.minecraft.server.MinecraftServer/]: [Sergio-Ft: Set own game mode to Creative Mode]
[15Jan2025 00:35:31.446] [Server thread/INFO] [net.minecraft.server.MinecraftServer/]: [Sergio-Ft: Set own game mode to Survival Mode]
[15Jan2025 00:35:43.672] [Server thread/INFO] [net.minecraft.server.MinecraftServer/]: Markitos_17 was slain by Zombie
[15Jan2025 00:35:43.686] [Server thread/INFO] [tombstone/]: The player Markitos_17 has successfully been saved
[15Jan2025 00:36:22.842] [Server thread/INFO] [net.minecraft.server.MinecraftServer/]: [Sergio-Ft: Teleported Markitos_17 to Sergio-Ft]
[15Jan2025 00:36:26.125] [Server thread/INFO] [net.minecraft.server.MinecraftServer/]: Sergio-Ft has completed the challenge [Desperate Measures]
[15Jan2025 00:36:40.632] [Server thread/WARN] [net.minecraft.server.network.ServerGamePacketListenerImpl/]: Sergio-Ft moved too quickly! -10.106714334695766,-1.0244240882136637,-0.1939487991886324
[15Jan2025 00:36:48.178] [Server thread/INFO] [net.minecraft.server.MinecraftServer/]: [Sergio-Ft: Set own game mode to Creative Mode]
[15Jan2025 00:37:07.732] [Server thread/WARN] [net.minecraft.server.network.ServerGamePacketListenerImpl/]: Sergio-Ft moved too quickly! 7.2626818804377535,-3.2481359985909535,-6.344021788980967
[15Jan2025 00:37:21.980] [Server thread/INFO] [net.minecraft.server.MinecraftServer/]: [Sergio-Ft: Teleported Markitos_17 to Sergio-Ft]
[15Jan2025 00:37:24.925] [Server thread/INFO] [net.minecraft.server.MinecraftServer/]: [Sergio-Ft: Set own game mode to Survival Mode]
[15Jan2025 00:39:17.977] [Server thread/INFO] [net.minecraft.server.MinecraftServer/]: Sergio-Ft has made the advancement [Sweet Dreams]
[15Jan2025 00:39:20.577] [Server thread/INFO] [net.minecraft.server.MinecraftServer/]: Markitos_17 has made the advancement [Sweet Dreams]
[15Jan2025 00:43:09.527] [Server thread/INFO] [net.minecraft.server.MinecraftServer/]: [Sergio-Ft: Summoned new Zombie]
[15Jan2025 00:43:10.260] [Server thread/INFO] [net.minecraft.server.MinecraftServer/]: [Sergio-Ft: Summoned new Zombie]
[15Jan2025 00:43:14.925] [Server thread/INFO] [net.minecraft.server.MinecraftServer/]: [Sergio-Ft: Summoned new Zombie]
[15Jan2025 00:43:14.926] [Server thread/INFO] [net.minecraft.server.MinecraftServer/]: [Sergio-Ft: Summoned new Zombie]
[15Jan2025 00:43:14.927] [Server thread/INFO] [net.minecraft.server.MinecraftServer/]: [Sergio-Ft: Summoned new Zombie]
[15Jan2025 00:43:14.928] [Server thread/INFO] [net.minecraft.server.MinecraftServer/]: [Sergio-Ft: Summoned new Zombie]
[15Jan2025 00:43:24.345] [Server thread/INFO] [net.minecraft.server.MinecraftServer/]: [Sergio-Ft: Summoned new Zombie]
[15Jan2025 00:43:25.430] [Server thread/INFO] [net.minecraft.server.MinecraftServer/]: [Sergio-Ft: Summoned new Zombie]
[15Jan2025 00:43:27.461] [Server thread/INFO] [net.minecraft.server.MinecraftServer/]: [Sergio-Ft: Summoned new Zombie]
[15Jan2025 00:43:27.463] [Server thread/INFO] [net.minecraft.server.MinecraftServer/]: [Sergio-Ft: Summoned new Zombie]
[15Jan2025 00:43:28.381] [Server thread/INFO] [net.minecraft.server.MinecraftServer/]: [Sergio-Ft: Summoned new Zombie]
[15Jan2025 00:43:29.096] [Server thread/INFO] [net.minecraft.server.MinecraftServer/]: [Sergio-Ft: Summoned new Zombie]
[15Jan2025 00:43:29.794] [Server thread/INFO] [net.minecraft.server.MinecraftServer/]: [Sergio-Ft: Summoned new Zombie]
[15Jan2025 00:43:30.476] [Server thread/INFO] [net.minecraft.server.MinecraftServer/]: [Sergio-Ft: Summoned new Zombie]
[15Jan2025 00:43:39.312] [Server thread/INFO] [net.minecraft.server.MinecraftServer/]: [Sergio-Ft: Summoned new Zombie]
[15Jan2025 00:43:39.329] [Server thread/INFO] [net.minecraft.server.MinecraftServer/]: [Sergio-Ft: Summoned new Zombie]
[15Jan2025 00:43:39.332] [Server thread/INFO] [net.minecraft.server.MinecraftServer/]: [Sergio-Ft: Summoned new Zombie]
[15Jan2025 00:43:39.333] [Server thread/INFO] [net.minecraft.server.MinecraftServer/]: [Sergio-Ft: Summoned new Zombie]
[15Jan2025 00:43:39.334] [Server thread/INFO] [net.minecraft.server.MinecraftServer/]: [Sergio-Ft: Summoned new Zombie]
[15Jan2025 00:43:53.329] [Server thread/INFO] [net.minecraft.server.MinecraftServer/]: [Sergio-Ft: Summoned new Zombie]
[15Jan2025 00:43:53.727] [Server thread/INFO] [net.minecraft.server.MinecraftServer/]: [Sergio-Ft: Summoned new Zombie]
[15Jan2025 00:43:54.445] [Server thread/INFO] [net.minecraft.server.MinecraftServer/]: [Sergio-Ft: Summoned new Zombie]
[15Jan2025 00:43:55.258] [Server thread/INFO] [net.minecraft.server.MinecraftServer/]: [Sergio-Ft: Summoned new Zombie]
[15Jan2025 00:43:58.976] [Server thread/INFO] [net.minecraft.server.MinecraftServer/]: [Sergio-Ft: Summoned new Zombie]
[15Jan2025 00:43:58.977] [Server thread/INFO] [net.minecraft.server.MinecraftServer/]: [Sergio-Ft: Summoned new Zombie]
[15Jan2025 00:43:58.977] [Server thread/INFO] [net.minecraft.server.MinecraftServer/]: [Sergio-Ft: Summoned new Zombie]
[15Jan2025 00:43:58.979] [Server thread/INFO] [net.minecraft.server.MinecraftServer/]: [Sergio-Ft: Summoned new Zombie]
[15Jan2025 00:43:58.980] [Server thread/INFO] [net.minecraft.server.MinecraftServer/]: [Sergio-Ft: Summoned new Zombie]
[15Jan2025 00:44:03.378] [Server thread/INFO] [net.minecraft.server.MinecraftServer/]: [Sergio-Ft: Summoned new Zombie]
[15Jan2025 00:44:03.378] [Server thread/INFO] [net.minecraft.server.MinecraftServer/]: [Sergio-Ft: Summoned new Zombie]
[15Jan2025 00:44:03.379] [Server thread/INFO] [net.minecraft.server.MinecraftServer/]: [Sergio-Ft: Summoned new Zombie]
[15Jan2025 00:44:03.379] [Server thread/INFO] [net.minecraft.server.MinecraftServer/]: [Sergio-Ft: Summoned new Zombie]
[15Jan2025 00:44:03.381] [Server thread/INFO] [net.minecraft.server.MinecraftServer/]: [Sergio-Ft: Summoned new Zombie]
[15Jan2025 00:44:05.109] [Server thread/INFO] [net.minecraft.server.MinecraftServer/]: [Sergio-Ft: Summoned new Zombie]
[15Jan2025 00:44:05.110] [Server thread/INFO] [net.minecraft.server.MinecraftServer/]: [Sergio-Ft: Summoned new Zombie]
[15Jan2025 00:44:05.111] [Server thread/INFO] [net.minecraft.server.MinecraftServer/]: [Sergio-Ft: Summoned new Zombie]
[15Jan2025 00:44:07.476] [Server thread/INFO] [net.minecraft.server.MinecraftServer/]: [Sergio-Ft: Summoned new Zombie]
[15Jan2025 00:44:17.677] [Server thread/INFO] [net.minecraft.server.MinecraftServer/]: [Sergio-Ft: Summoned new Skeleton]
[15Jan2025 00:44:17.677] [Server thread/INFO] [net.minecraft.server.MinecraftServer/]: [Sergio-Ft: Summoned new Skeleton]
[15Jan2025 00:44:17.679] [Server thread/INFO] [net.minecraft.server.MinecraftServer/]: [Sergio-Ft: Summoned new Skeleton]
[15Jan2025 00:44:18.046] [Server thread/INFO] [net.minecraft.server.MinecraftServer/]: [Sergio-Ft: Summoned new Skeleton]
[15Jan2025 00:44:20.428] [Server thread/INFO] [net.minecraft.server.MinecraftServer/]: Markitos_17 has reached the goal [Bone Crusher]
[15Jan2025 00:44:22.807] [Server thread/INFO] [net.minecraft.server.MinecraftServer/]: [Sergio-Ft: Summoned new Skeleton]
[15Jan2025 00:44:22.828] [Server thread/INFO] [net.minecraft.server.MinecraftServer/]: [Sergio-Ft: Summoned new Skeleton]
[15Jan2025 00:44:22.829] [Server thread/INFO] [net.minecraft.server.MinecraftServer/]: [Sergio-Ft: Summoned new Skeleton]
[15Jan2025 00:44:22.830] [Server thread/INFO] [net.minecraft.server.MinecraftServer/]: [Sergio-Ft: Summoned new Skeleton]
[15Jan2025 00:44:22.830] [Server thread/INFO] [net.minecraft.server.MinecraftServer/]: [Sergio-Ft: Summoned new Skeleton]
[15Jan2025 00:44:24.739] [Server thread/INFO] [net.minecraft.server.MinecraftServer/]: [Sergio-Ft: Summoned new Skeleton]
[15Jan2025 00:44:24.740] [Server thread/INFO] [net.minecraft.server.MinecraftServer/]: [Sergio-Ft: Summoned new Skeleton]
[15Jan2025 00:44:25.828] [Server thread/INFO] [net.minecraft.server.MinecraftServer/]: [Sergio-Ft: Summoned new Skeleton]
[15Jan2025 00:44:26.976] [Server thread/INFO] [net.minecraft.server.MinecraftServer/]: [Sergio-Ft: Summoned new Skeleton]
[15Jan2025 00:45:40.234] [Server thread/INFO] [net.minecraft.server.network.ServerGamePacketListenerImpl/]: Sergio-Ft lost connection: Timed out
[15Jan2025 00:45:40.235] [Server thread/INFO] [net.minecraft.server.MinecraftServer/]: Sergio-Ft left the game
[15Jan2025 00:45:40.235] [Server thread/INFO] [voicechat/]: [voicechat] Disconnecting client Sergio-Ft
[15Jan2025 00:46:06.088] [Server thread/INFO] [net.minecraft.server.players.PlayerList/]: Sergio-Ft[/127.34.83.0:32987] logged in with entity id 12849 at (257.8801537778023, 164.0, 40.96569800799242)
[15Jan2025 00:46:06.109] [Server thread/INFO] [net.minecraft.server.MinecraftServer/]: Sergio-Ft joined the game
[15Jan2025 00:46:06.699] [Server thread/INFO] [voicechat/]: [voicechat] Received secret request of Sergio-Ft (18)
[15Jan2025 00:46:06.700] [Server thread/INFO] [voicechat/]: [voicechat] Sent secret to Sergio-Ft
[15Jan2025 00:49:32.128] [Server thread/INFO] [net.minecraft.server.MinecraftServer/]: [Sergio-Ft: Changed the block at 257, 191, 41]
[15Jan2025 00:49:50.393] [Server thread/INFO] [net.minecraft.server.MinecraftServer/]: [Sergio-Ft: Changed the block at 257, 191, 42]
[15Jan2025 00:50:53.431] [Server thread/INFO] [net.minecraft.server.MinecraftServer/]: Sergio-Ft has made the advancement [Not Today, Thank You]
[15Jan2025 00:51:12.027] [Server thread/INFO] [net.minecraft.server.MinecraftServer/]: [Sergio-Ft: Set own game mode to Spectator Mode]
[15Jan2025 00:51:20.879] [Server thread/INFO] [net.minecraft.server.MinecraftServer/]: [Sergio-Ft: Set own game mode to Creative Mode]
[15Jan2025 00:52:03.985] [Server thread/INFO] [net.minecraft.server.MinecraftServer/]: [Sergio-Ft: Set own game mode to Spectator Mode]
[15Jan2025 00:52:13.997] [Server thread/INFO] [net.minecraft.server.MinecraftServer/]: [Sergio-Ft: Set own game mode to Creative Mode]
[15Jan2025 00:52:18.995] [Server thread/INFO] [net.minecraft.server.MinecraftServer/]: [Sergio-Ft: Set own game mode to Survival Mode]
[15Jan2025 00:54:55.712] [Server thread/INFO] [net.minecraft.server.MinecraftServer/]: [Sergio-Ft: Set own game mode to Creative Mode]
[15Jan2025 00:55:00.426] [Server thread/INFO] [net.minecraft.server.MinecraftServer/]: Markitos_17 was squashed by a falling anvil
[15Jan2025 00:55:00.433] [Server thread/INFO] [tombstone/]: The player Markitos_17 has successfully been saved
[15Jan2025 00:55:20.476] [Server thread/INFO] [net.minecraft.server.MinecraftServer/]: Markitos_17 was squashed by a falling anvil
[15Jan2025 00:55:20.482] [Server thread/INFO] [tombstone/]: The player Markitos_17 has successfully been saved
[15Jan2025 00:55:36.500] [Server thread/INFO] [net.minecraft.server.MinecraftServer/]: [Sergio-Ft: Set own game mode to Survival Mode]
[15Jan2025 00:57:22.774] [Server thread/INFO] [net.minecraft.server.MinecraftServer/]: Markitos_17 was slain by The Hunter
[15Jan2025 00:57:22.795] [Server thread/INFO] [tombstone/]: The player Markitos_17 has successfully been saved
[15Jan2025 00:57:41.632] [Server thread/INFO] [net.minecraft.server.MinecraftServer/]: Markitos_17 has completed the challenge [Thine end is here.]
[15Jan2025 00:57:41.675] [Server thread/INFO] [net.minecraft.server.MinecraftServer/]: Markitos_17 has made the advancement [First big catch of the month!]
[15Jan2025 00:57:43.077] [Server thread/INFO] [net.minecraft.server.MinecraftServer/]: Markitos_17 has made the advancement [Diamonds!]
[15Jan2025 00:57:47.824] [Server thread/INFO] [net.minecraft.server.MinecraftServer/]: Markitos_17 has completed the challenge [One eyed big skelly]
[15Jan2025 01:03:21.128] [Server thread/INFO] [net.minecraft.server.MinecraftServer/]: [Sergio-Ft: Changed the block at 257, 191, 43]
[15Jan2025 01:03:23.934] [Server thread/INFO] [net.minecraft.server.MinecraftServer/]: [Sergio-Ft: Changed the block at 257, 191, 44]
[15Jan2025 01:03:32.676] [Server thread/INFO] [net.minecraft.server.MinecraftServer/]: [Sergio-Ft: Changed the block at 257, 191, 40]
[15Jan2025 01:03:35.732] [Server thread/INFO] [net.minecraft.server.MinecraftServer/]: [Sergio-Ft: Changed the block at 257, 191, 39]
[15Jan2025 01:03:39.929] [Server thread/INFO] [net.minecraft.server.MinecraftServer/]: [Sergio-Ft: Changed the block at 257, 191, 38]
[15Jan2025 01:03:50.606] [Server thread/INFO] [net.minecraft.server.MinecraftServer/]: [Sergio-Ft: Gave 200 experience points to Sergio-Ft]
[15Jan2025 01:03:55.402] [Server thread/INFO] [net.minecraft.server.MinecraftServer/]: [Sergio-Ft: Gave 2000 experience points to Sergio-Ft]
[15Jan2025 01:04:22.773] [Server thread/INFO] [net.minecraft.server.network.ServerGamePacketListenerImpl/]: Sergio-Ft lost connection: Timed out
[15Jan2025 01:04:22.774] [Server thread/INFO] [net.minecraft.server.MinecraftServer/]: Sergio-Ft left the game
[15Jan2025 01:04:22.774] [Server thread/INFO] [voicechat/]: [voicechat] Disconnecting client Sergio-Ft
[15Jan2025 01:05:14.487] [Server thread/INFO] [net.minecraft.server.players.PlayerList/]: Sergio-Ft[/127.34.83.0:52699] logged in with entity id 14991 at (220.4334693587548, 159.0, 35.48372967100424)
[15Jan2025 01:05:14.506] [Server thread/INFO] [net.minecraft.server.MinecraftServer/]: Sergio-Ft joined the game
[15Jan2025 01:05:15.100] [Server thread/INFO] [voicechat/]: [voicechat] Received secret request of Sergio-Ft (18)
[15Jan2025 01:05:15.101] [Server thread/INFO] [voicechat/]: [voicechat] Sent secret to Sergio-Ft
[15Jan2025 01:05:59.624] [Server thread/INFO] [net.minecraft.server.network.ServerGamePacketListenerImpl/]: Sergio-Ft lost connection: Timed out
[15Jan2025 01:05:59.624] [Server thread/INFO] [net.minecraft.server.MinecraftServer/]: Sergio-Ft left the game
[15Jan2025 01:05:59.625] [Server thread/INFO] [voicechat/]: [voicechat] Disconnecting client Sergio-Ft
[15Jan2025 01:09:00.238] [Server thread/INFO] [net.minecraft.server.players.PlayerList/]: Sergio-Ft[/127.34.83.0:38375] logged in with entity id 15300 at (220.4334693587548, 159.0, 35.48372967100424)
[15Jan2025 01:09:00.268] [Server thread/INFO] [net.minecraft.server.MinecraftServer/]: Sergio-Ft joined the game
[15Jan2025 01:09:02.729] [Server thread/INFO] [voicechat/]: [voicechat] Received secret request of Sergio-Ft (18)
[15Jan2025 01:09:02.730] [Server thread/INFO] [voicechat/]: [voicechat] Sent secret to Sergio-Ft
[15Jan2025 01:11:14.854] [Server thread/INFO] [net.minecraft.server.MinecraftServer/]: [Sergio-Ft: Set own game mode to Creative Mode]
[15Jan2025 01:11:52.831] [Server thread/INFO] [net.minecraft.server.MinecraftServer/]: [Sergio-Ft: Set own game mode to Survival Mode]
[15Jan2025 01:12:41.084] [Server thread/INFO] [net.minecraft.server.MinecraftServer/]: Markitos_17 was slain by Sergio-Ft
[15Jan2025 01:12:41.108] [Server thread/INFO] [tombstone/]: The player Markitos_17 has successfully been saved
[15Jan2025 01:15:45.451] [Server thread/INFO] [net.minecraft.server.MinecraftServer/]: [Sergio-Ft: Gave 14 [Block of Iron] to Sergio-Ft]
[15Jan2025 01:16:42.527] [Server thread/INFO] [net.minecraft.server.MinecraftServer/]: %1$s was slain by %2$s
[15Jan2025 01:16:42.533] [Server thread/INFO] [tombstone/]: The player Markitos_17 has successfully been saved
[15Jan2025 01:17:14.361] [Server thread/INFO] [net.minecraft.server.MinecraftServer/]: Sergio-Ft has completed the challenge [I'm not sugar coating it]
[15Jan2025 01:17:28.979] [Server thread/INFO] [net.minecraft.server.MinecraftServer/]: [Sergio-Ft: Set own game mode to Creative Mode]
[15Jan2025 01:17:33.031] [Server thread/INFO] [net.minecraft.server.MinecraftServer/]: [Sergio-Ft: Set own game mode to Survival Mode]
[15Jan2025 01:18:09.480] [Server thread/INFO] [net.minecraft.server.MinecraftServer/]: [Sergio-Ft: Set own game mode to Creative Mode]
[15Jan2025 01:18:17.392] [Server thread/INFO] [net.minecraft.server.MinecraftServer/]: [Sergio-Ft: Set own game mode to Survival Mode]
[15Jan2025 01:18:37.801] [Server thread/INFO] [net.minecraft.server.MinecraftServer/]: [Sergio-Ft: Gave 12 [Cooked Porkchop] to Sergio-Ft]
[15Jan2025 01:18:58.927] [Server thread/INFO] [net.minecraft.server.MinecraftServer/]: Markitos_17 was squashed by a falling anvil
[15Jan2025 01:18:58.944] [Server thread/INFO] [tombstone/]: The player Markitos_17 has successfully been saved
[15Jan2025 01:19:17.277] [Server thread/INFO] [net.minecraft.server.MinecraftServer/]: Markitos_17 was squashed by a falling anvil
[15Jan2025 01:19:17.281] [Server thread/INFO] [tombstone/]: The player Markitos_17 has successfully been saved
[15Jan2025 01:21:01.322] [Server thread/INFO] [net.minecraft.server.network.ServerGamePacketListenerImpl/]: Sergio-Ft lost connection: Timed out
[15Jan2025 01:21:01.322] [Server thread/INFO] [net.minecraft.server.MinecraftServer/]: Sergio-Ft left the game
[15Jan2025 01:21:01.322] [Server thread/INFO] [voicechat/]: [voicechat] Disconnecting client Sergio-Ft
[15Jan2025 01:21:53.336] [Server thread/INFO] [net.minecraft.server.players.PlayerList/]: Sergio-Ft[/127.34.83.0:42603] logged in with entity id 16952 at (215.7780662768372, 159.0, 45.03483709151994)
[15Jan2025 01:21:53.350] [Server thread/INFO] [net.minecraft.server.MinecraftServer/]: Sergio-Ft joined the game
[15Jan2025 01:21:53.651] [Server thread/INFO] [voicechat/]: [voicechat] Received secret request of Sergio-Ft (18)
[15Jan2025 01:21:53.652] [Server thread/INFO] [voicechat/]: [voicechat] Sent secret to Sergio-Ft
[15Jan2025 01:23:33.932] [Server thread/INFO] [net.minecraft.server.MinecraftServer/]: [Sergio-Ft: Made Sergio-Ft no longer a server operator]
[15Jan2025 01:25:24.325] [Server thread/INFO] [net.minecraft.server.network.ServerGamePacketListenerImpl/]: Markitos_17 lost connection: Timed out
[15Jan2025 01:25:24.326] [Server thread/INFO] [net.minecraft.server.MinecraftServer/]: Markitos_17 left the game
[15Jan2025 01:25:24.327] [Server thread/INFO] [voicechat/]: [voicechat] Disconnecting client Markitos_17
[15Jan2025 01:26:15.232] [Server thread/INFO] [net.minecraft.server.players.PlayerList/]: Markitos_17[/127.147.68.107:43277] logged in with entity id 17362 at (264.69999998807907, 164.0, 40.850536824827884)
[15Jan2025 01:26:15.238] [Server thread/INFO] [net.minecraft.server.MinecraftServer/]: Markitos_17 joined the game
[15Jan2025 01:26:17.389] [Server thread/INFO] [voicechat/]: [voicechat] Received secret request of Markitos_17 (18)
[15Jan2025 01:26:17.390] [Server thread/INFO] [voicechat/]: [voicechat] Sent secret to Markitos_17
[15Jan2025 01:27:28.645] [Server thread/INFO] [net.minecraft.server.MinecraftServer/]: [Not Secure] <Sergio-Ft> q paso?
[15Jan2025 01:27:30.373] [Server thread/INFO] [net.minecraft.server.network.ServerGamePacketListenerImpl/]: Markitos_17 lost connection: Timed out
[15Jan2025 01:27:30.373] [Server thread/INFO] [net.minecraft.server.MinecraftServer/]: Markitos_17 left the game
[15Jan2025 01:27:30.374] [Server thread/INFO] [voicechat/]: [voicechat] Disconnecting client Markitos_17
[15Jan2025 01:28:36.187] [Server thread/INFO] [net.minecraft.server.players.PlayerList/]: Markitos_17[/127.147.68.107:51029] logged in with entity id 17559 at (263.84421844057596, 164.0, 40.975495372933366)
[15Jan2025 01:28:36.196] [Server thread/INFO] [net.minecraft.server.MinecraftServer/]: Markitos_17 joined the game
[15Jan2025 01:28:36.592] [Server thread/INFO] [voicechat/]: [voicechat] Received secret request of Markitos_17 (18)
[15Jan2025 01:28:36.594] [Server thread/INFO] [voicechat/]: [voicechat] Sent secret to Markitos_17
[15Jan2025 01:29:06.272] [Server thread/INFO] [net.minecraft.server.network.ServerGamePacketListenerImpl/]: Markitos_17 lost connection: Timed out
[15Jan2025 01:29:06.272] [Server thread/INFO] [net.minecraft.server.MinecraftServer/]: Markitos_17 left the game
[15Jan2025 01:29:06.273] [Server thread/INFO] [voicechat/]: [voicechat] Disconnecting client Markitos_17
[15Jan2025 01:30:23.734] [Server thread/INFO] [net.minecraft.server.players.PlayerList/]: Markitos_17[/127.253.73.178:52881] logged in with entity id 17720 at (263.94101102140723, 164.0, 40.99083151886138)
[15Jan2025 01:30:23.760] [Server thread/INFO] [net.minecraft.server.MinecraftServer/]: Markitos_17 joined the game
[15Jan2025 01:30:24.014] [Server thread/INFO] [voicechat/]: [voicechat] Received secret request of Markitos_17 (18)
[15Jan2025 01:30:24.015] [Server thread/INFO] [voicechat/]: [voicechat] Sent secret to Markitos_17
[15Jan2025 01:32:21.819] [Server thread/INFO] [net.minecraft.server.MinecraftServer/]: Markitos_17 was slain by The Moonflower
[15Jan2025 01:32:21.850] [Server thread/INFO] [tombstone/]: The player Markitos_17 has successfully been saved
[15Jan2025 01:32:36.326] [Server thread/INFO] [net.minecraft.server.MinecraftServer/]: Sergio-Ft has reached the goal [Discreet Search]
